[0m2021.12.08 09:16:47 INFO  Started: Metals version 0.10.9 in workspace 'C:\Users\nkuma267\Desktop\ScalaUserRegistration' for client Visual Studio Code 1.62.3.[0m
[0m2021.12.08 09:16:48 INFO  time: initialize in 1.58s[0m
[0m2021.12.08 09:16:49 WARN  Build server is not auto-connectable.[0m
[0m2021.12.08 09:16:49 WARN  no build tool detected in workspace 'C:\Users\nkuma267\Desktop\ScalaUserRegistration'. The most common cause for this problem is that the editor was opened in the wrong working directory, for example if you use sbt then the workspace directory should contain build.sbt. [0m
[0m2021.12.08 09:16:49 WARN  no build target for: C:\Users\nkuma267\Desktop\ScalaUserRegistration\userRegistration.sc[0m
[0m2021.12.08 09:16:54 INFO  no build target: using presentation compiler with only scala-library: 3.1.0[0m
[0m2021.12.08 09:16:56 INFO  time: code lens generation in 6.49s[0m
Dec 08, 2021 1:09:55 PM org.eclipse.lsp4j.jsonrpc.RemoteEndpoint fallbackResponseError
SEVERE: Internal error: java.lang.reflect.InvocationTargetException
java.lang.RuntimeException: java.lang.reflect.InvocationTargetException
	at org.eclipse.lsp4j.jsonrpc.services.GenericEndpoint.lambda$null$0(GenericEndpoint.java:67)
	at org.eclipse.lsp4j.jsonrpc.services.GenericEndpoint.request(GenericEndpoint.java:120)
	at org.eclipse.lsp4j.jsonrpc.RemoteEndpoint.handleRequest(RemoteEndpoint.java:261)
	at org.eclipse.lsp4j.jsonrpc.RemoteEndpoint.consume(RemoteEndpoint.java:190)
	at org.eclipse.lsp4j.jsonrpc.json.StreamMessageProducer.handleMessage(StreamMessageProducer.java:194)
	at org.eclipse.lsp4j.jsonrpc.json.StreamMessageProducer.listen(StreamMessageProducer.java:94)
	at org.eclipse.lsp4j.jsonrpc.json.ConcurrentMessageProcessor.run(ConcurrentMessageProcessor.java:113)
	at java.base/java.util.concurrent.Executors$RunnableAdapter.call(Executors.java:515)
	at java.base/java.util.concurrent.FutureTask.run(FutureTask.java:264)
	at java.base/java.util.concurrent.ThreadPoolExecutor.runWorker(ThreadPoolExecutor.java:1128)
	at java.base/java.util.concurrent.ThreadPoolExecutor$Worker.run(ThreadPoolExecutor.java:628)
	at java.base/java.lang.Thread.run(Thread.java:829)
Caused by: java.lang.reflect.InvocationTargetException
	at java.base/jdk.internal.reflect.NativeMethodAccessorImpl.invoke0(Native Method)
	at java.base/jdk.internal.reflect.NativeMethodAccessorImpl.invoke(NativeMethodAccessorImpl.java:62)
	at java.base/jdk.internal.reflect.DelegatingMethodAccessorImpl.invoke(DelegatingMethodAccessorImpl.java:43)
	at java.base/java.lang.reflect.Method.invoke(Method.java:566)
	at org.eclipse.lsp4j.jsonrpc.services.GenericEndpoint.lambda$null$0(GenericEndpoint.java:65)
	... 11 more
Caused by: java.lang.IllegalArgumentException: 5 is not a valid line number, allowed [0..0]
	at scala.meta.internal.inputs.InternalInput.lineToOffset(InternalInput.scala:37)
	at scala.meta.internal.inputs.InternalInput.lineToOffset$(InternalInput.scala:32)
	at scala.meta.inputs.Input$VirtualFile.lineToOffset(Input.scala:80)
	at scala.meta.inputs.Position$Range$.apply(Position.scala:59)
	at scala.meta.internal.mtags.MtagsEnrichments$XtensionPositionLspInverse.toMeta(MtagsEnrichments.scala:133)
	at scala.meta.internal.parsing.Trees.$anonfun$findLastEnclosingAt$4(Trees.scala:77)
	at scala.Option.flatMap(Option.scala:271)
	at scala.meta.internal.parsing.Trees.findLastEnclosingAt(Trees.scala:76)
	at scala.meta.internal.metals.codeactions.PatternMatchRefactor.contribute(PatternMatchRefactor.scala:96)
	at scala.meta.internal.metals.CodeActionProvider$$anonfun$1.applyOrElse(CodeActionProvider.scala:62)
	at scala.meta.internal.metals.CodeActionProvider$$anonfun$1.applyOrElse(CodeActionProvider.scala:61)
	at scala.collection.immutable.List.collect(List.scala:323)
	at scala.meta.internal.metals.CodeActionProvider.codeActions(CodeActionProvider.scala:61)
	at scala.meta.internal.metals.MetalsLanguageServer.$anonfun$codeAction$1(MetalsLanguageServer.scala:1555)
	at scala.meta.internal.metals.CancelTokens$.future(CancelTokens.scala:38)
	at scala.meta.internal.metals.MetalsLanguageServer.codeAction(MetalsLanguageServer.scala:1554)
	... 16 more

Dec 08, 2021 1:09:56 PM org.eclipse.lsp4j.jsonrpc.RemoteEndpoint fallbackResponseError
SEVERE: Internal error: java.lang.reflect.InvocationTargetException
java.lang.RuntimeException: java.lang.reflect.InvocationTargetException
	at org.eclipse.lsp4j.jsonrpc.services.GenericEndpoint.lambda$null$0(GenericEndpoint.java:67)
	at org.eclipse.lsp4j.jsonrpc.services.GenericEndpoint.request(GenericEndpoint.java:120)
	at org.eclipse.lsp4j.jsonrpc.RemoteEndpoint.handleRequest(RemoteEndpoint.java:261)
	at org.eclipse.lsp4j.jsonrpc.RemoteEndpoint.consume(RemoteEndpoint.java:190)
	at org.eclipse.lsp4j.jsonrpc.json.StreamMessageProducer.handleMessage(StreamMessageProducer.java:194)
	at org.eclipse.lsp4j.jsonrpc.json.StreamMessageProducer.listen(StreamMessageProducer.java:94)
	at org.eclipse.lsp4j.jsonrpc.json.ConcurrentMessageProcessor.run(ConcurrentMessageProcessor.java:113)
	at java.base/java.util.concurrent.Executors$RunnableAdapter.call(Executors.java:515)
	at java.base/java.util.concurrent.FutureTask.run(FutureTask.java:264)
	at java.base/java.util.concurrent.ThreadPoolExecutor.runWorker(ThreadPoolExecutor.java:1128)
	at java.base/java.util.concurrent.ThreadPoolExecutor$Worker.run(ThreadPoolExecutor.java:628)
	at java.base/java.lang.Thread.run(Thread.java:829)
Caused by: java.lang.reflect.InvocationTargetException
	at java.base/jdk.internal.reflect.NativeMethodAccessorImpl.invoke0(Native Method)
	at java.base/jdk.internal.reflect.NativeMethodAccessorImpl.invoke(NativeMethodAccessorImpl.java:62)
	at java.base/jdk.internal.reflect.DelegatingMethodAccessorImpl.invoke(DelegatingMethodAccessorImpl.java:43)
	at java.base/java.lang.reflect.Method.invoke(Method.java:566)
	at org.eclipse.lsp4j.jsonrpc.services.GenericEndpoint.lambda$null$0(GenericEndpoint.java:65)
	... 11 more
Caused by: java.lang.IllegalArgumentException: 5 is not a valid line number, allowed [0..0]
	at scala.meta.internal.inputs.InternalInput.lineToOffset(InternalInput.scala:37)
	at scala.meta.internal.inputs.InternalInput.lineToOffset$(InternalInput.scala:32)
	at scala.meta.inputs.Input$VirtualFile.lineToOffset(Input.scala:80)
	at scala.meta.inputs.Position$Range$.apply(Position.scala:59)
	at scala.meta.internal.mtags.MtagsEnrichments$XtensionPositionLspInverse.toMeta(MtagsEnrichments.scala:133)
	at scala.meta.internal.parsing.Trees.$anonfun$findLastEnclosingAt$4(Trees.scala:77)
	at scala.Option.flatMap(Option.scala:271)
	at scala.meta.internal.parsing.Trees.findLastEnclosingAt(Trees.scala:76)
	at scala.meta.internal.metals.codeactions.PatternMatchRefactor.contribute(PatternMatchRefactor.scala:96)
	at scala.meta.internal.metals.CodeActionProvider$$anonfun$1.applyOrElse(CodeActionProvider.scala:62)
	at scala.meta.internal.metals.CodeActionProvider$$anonfun$1.applyOrElse(CodeActionProvider.scala:61)
	at scala.collection.immutable.List.collect(List.scala:323)
	at scala.meta.internal.metals.CodeActionProvider.codeActions(CodeActionProvider.scala:61)
	at scala.meta.internal.metals.MetalsLanguageServer.$anonfun$codeAction$1(MetalsLanguageServer.scala:1555)
	at scala.meta.internal.metals.CancelTokens$.future(CancelTokens.scala:38)
	at scala.meta.internal.metals.MetalsLanguageServer.codeAction(MetalsLanguageServer.scala:1554)
	... 16 more

[0m2021.12.08 13:09:56 WARN  no build target for: C:\Users\nkuma267\Desktop\ScalaUserRegistration\userRegistration.sc[0m
Dec 08, 2021 1:09:56 PM org.eclipse.lsp4j.jsonrpc.RemoteEndpoint fallbackResponseError
SEVERE: Internal error: java.lang.reflect.InvocationTargetException
java.lang.RuntimeException: java.lang.reflect.InvocationTargetException
	at org.eclipse.lsp4j.jsonrpc.services.GenericEndpoint.lambda$null$0(GenericEndpoint.java:67)
	at org.eclipse.lsp4j.jsonrpc.services.GenericEndpoint.request(GenericEndpoint.java:120)
	at org.eclipse.lsp4j.jsonrpc.RemoteEndpoint.handleRequest(RemoteEndpoint.java:261)
	at org.eclipse.lsp4j.jsonrpc.RemoteEndpoint.consume(RemoteEndpoint.java:190)
	at org.eclipse.lsp4j.jsonrpc.json.StreamMessageProducer.handleMessage(StreamMessageProducer.java:194)
	at org.eclipse.lsp4j.jsonrpc.json.StreamMessageProducer.listen(StreamMessageProducer.java:94)
	at org.eclipse.lsp4j.jsonrpc.json.ConcurrentMessageProcessor.run(ConcurrentMessageProcessor.java:113)
	at java.base/java.util.concurrent.Executors$RunnableAdapter.call(Executors.java:515)
	at java.base/java.util.concurrent.FutureTask.run(FutureTask.java:264)
	at java.base/java.util.concurrent.ThreadPoolExecutor.runWorker(ThreadPoolExecutor.java:1128)
	at java.base/java.util.concurrent.ThreadPoolExecutor$Worker.run(ThreadPoolExecutor.java:628)
	at java.base/java.lang.Thread.run(Thread.java:829)
Caused by: java.lang.reflect.InvocationTargetException
	at java.base/jdk.internal.reflect.NativeMethodAccessorImpl.invoke0(Native Method)
	at java.base/jdk.internal.reflect.NativeMethodAccessorImpl.invoke(NativeMethodAccessorImpl.java:62)
	at java.base/jdk.internal.reflect.DelegatingMethodAccessorImpl.invoke(DelegatingMethodAccessorImpl.java:43)
	at java.base/java.lang.reflect.Method.invoke(Method.java:566)
	at org.eclipse.lsp4j.jsonrpc.services.GenericEndpoint.lambda$null$0(GenericEndpoint.java:65)
	... 11 more
Caused by: java.lang.IllegalArgumentException: 5 is not a valid line number, allowed [0..0]
	at scala.meta.internal.inputs.InternalInput.lineToOffset(InternalInput.scala:37)
	at scala.meta.internal.inputs.InternalInput.lineToOffset$(InternalInput.scala:32)
	at scala.meta.inputs.Input$VirtualFile.lineToOffset(Input.scala:80)
	at scala.meta.inputs.Position$Range$.apply(Position.scala:59)
	at scala.meta.internal.mtags.MtagsEnrichments$XtensionPositionLspInverse.toMeta(MtagsEnrichments.scala:133)
	at scala.meta.internal.parsing.Trees.$anonfun$findLastEnclosingAt$4(Trees.scala:77)
	at scala.Option.flatMap(Option.scala:271)
	at scala.meta.internal.parsing.Trees.findLastEnclosingAt(Trees.scala:76)
	at scala.meta.internal.metals.codeactions.PatternMatchRefactor.contribute(PatternMatchRefactor.scala:96)
	at scala.meta.internal.metals.CodeActionProvider$$anonfun$1.applyOrElse(CodeActionProvider.scala:62)
	at scala.meta.internal.metals.CodeActionProvider$$anonfun$1.applyOrElse(CodeActionProvider.scala:61)
	at scala.collection.immutable.List.collect(List.scala:323)
	at scala.meta.internal.metals.CodeActionProvider.codeActions(CodeActionProvider.scala:61)
	at scala.meta.internal.metals.MetalsLanguageServer.$anonfun$codeAction$1(MetalsLanguageServer.scala:1555)
	at scala.meta.internal.metals.CancelTokens$.future(CancelTokens.scala:38)
	at scala.meta.internal.metals.MetalsLanguageServer.codeAction(MetalsLanguageServer.scala:1554)
	... 16 more

[0m2021.12.08 13:10:03 WARN  no build target for: C:\Users\nkuma267\Desktop\ScalaUserRegistration\userRegistration.sc[0m
[0m2021.12.08 13:10:05 WARN  no build target for: C:\Users\nkuma267\Desktop\ScalaUserRegistration\userRegistration.sc[0m
[0m2021.12.08 13:10:07 WARN  no build target for: C:\Users\nkuma267\Desktop\ScalaUserRegistration\userRegistration.sc[0m
[0m2021.12.08 13:10:08 WARN  no build target for: C:\Users\nkuma267\Desktop\ScalaUserRegistration\userRegistration.sc[0m
[0m2021.12.08 13:10:12 WARN  no build target for: C:\Users\nkuma267\Desktop\ScalaUserRegistration\userRegistration.sc[0m
[0m2021.12.08 13:10:25 WARN  no build target for: C:\Users\nkuma267\Desktop\ScalaUserRegistration\userRegistration.sc[0m
[0m2021.12.08 13:10:27 WARN  no build target for: C:\Users\nkuma267\Desktop\ScalaUserRegistration\userRegistration.sc[0m
Dec 08, 2021 1:10:28 PM org.eclipse.lsp4j.jsonrpc.RemoteEndpoint fallbackResponseError
SEVERE: Internal error: java.lang.reflect.InvocationTargetException
java.lang.RuntimeException: java.lang.reflect.InvocationTargetException
	at org.eclipse.lsp4j.jsonrpc.services.GenericEndpoint.lambda$null$0(GenericEndpoint.java:67)
	at org.eclipse.lsp4j.jsonrpc.services.GenericEndpoint.request(GenericEndpoint.java:120)
	at org.eclipse.lsp4j.jsonrpc.RemoteEndpoint.handleRequest(RemoteEndpoint.java:261)
	at org.eclipse.lsp4j.jsonrpc.RemoteEndpoint.consume(RemoteEndpoint.java:190)
	at org.eclipse.lsp4j.jsonrpc.json.StreamMessageProducer.handleMessage(StreamMessageProducer.java:194)
	at org.eclipse.lsp4j.jsonrpc.json.StreamMessageProducer.listen(StreamMessageProducer.java:94)
	at org.eclipse.lsp4j.jsonrpc.json.ConcurrentMessageProcessor.run(ConcurrentMessageProcessor.java:113)
	at java.base/java.util.concurrent.Executors$RunnableAdapter.call(Executors.java:515)
	at java.base/java.util.concurrent.FutureTask.run(FutureTask.java:264)
	at java.base/java.util.concurrent.ThreadPoolExecutor.runWorker(ThreadPoolExecutor.java:1128)
	at java.base/java.util.concurrent.ThreadPoolExecutor$Worker.run(ThreadPoolExecutor.java:628)
	at java.base/java.lang.Thread.run(Thread.java:829)
Caused by: java.lang.reflect.InvocationTargetException
	at jdk.internal.reflect.GeneratedMethodAccessor5.invoke(Unknown Source)
	at java.base/jdk.internal.reflect.DelegatingMethodAccessorImpl.invoke(DelegatingMethodAccessorImpl.java:43)
	at java.base/java.lang.reflect.Method.invoke(Method.java:566)
	at org.eclipse.lsp4j.jsonrpc.services.GenericEndpoint.lambda$null$0(GenericEndpoint.java:65)
	... 11 more
Caused by: java.lang.IllegalArgumentException: 5 is not a valid line number, allowed [0..0]
	at scala.meta.internal.inputs.InternalInput.lineToOffset(InternalInput.scala:37)
	at scala.meta.internal.inputs.InternalInput.lineToOffset$(InternalInput.scala:32)
	at scala.meta.inputs.Input$VirtualFile.lineToOffset(Input.scala:80)
	at scala.meta.inputs.Position$Range$.apply(Position.scala:59)
	at scala.meta.internal.mtags.MtagsEnrichments$XtensionPositionLspInverse.toMeta(MtagsEnrichments.scala:133)
	at scala.meta.internal.parsing.Trees.$anonfun$findLastEnclosingAt$4(Trees.scala:77)
	at scala.Option.flatMap(Option.scala:271)
	at scala.meta.internal.parsing.Trees.findLastEnclosingAt(Trees.scala:76)
	at scala.meta.internal.metals.codeactions.PatternMatchRefactor.contribute(PatternMatchRefactor.scala:96)
	at scala.meta.internal.metals.CodeActionProvider$$anonfun$1.applyOrElse(CodeActionProvider.scala:62)
	at scala.meta.internal.metals.CodeActionProvider$$anonfun$1.applyOrElse(CodeActionProvider.scala:61)
	at scala.collection.immutable.List.collect(List.scala:323)
	at scala.meta.internal.metals.CodeActionProvider.codeActions(CodeActionProvider.scala:61)
	at scala.meta.internal.metals.MetalsLanguageServer.$anonfun$codeAction$1(MetalsLanguageServer.scala:1555)
	at scala.meta.internal.metals.CancelTokens$.future(CancelTokens.scala:38)
	at scala.meta.internal.metals.MetalsLanguageServer.codeAction(MetalsLanguageServer.scala:1554)
	... 15 more

Dec 08, 2021 1:10:31 PM org.eclipse.lsp4j.jsonrpc.RemoteEndpoint fallbackResponseError
SEVERE: Internal error: java.lang.reflect.InvocationTargetException
java.lang.RuntimeException: java.lang.reflect.InvocationTargetException
	at org.eclipse.lsp4j.jsonrpc.services.GenericEndpoint.lambda$null$0(GenericEndpoint.java:67)
	at org.eclipse.lsp4j.jsonrpc.services.GenericEndpoint.request(GenericEndpoint.java:120)
	at org.eclipse.lsp4j.jsonrpc.RemoteEndpoint.handleRequest(RemoteEndpoint.java:261)
	at org.eclipse.lsp4j.jsonrpc.RemoteEndpoint.consume(RemoteEndpoint.java:190)
	at org.eclipse.lsp4j.jsonrpc.json.StreamMessageProducer.handleMessage(StreamMessageProducer.java:194)
	at org.eclipse.lsp4j.jsonrpc.json.StreamMessageProducer.listen(StreamMessageProducer.java:94)
	at org.eclipse.lsp4j.jsonrpc.json.ConcurrentMessageProcessor.run(ConcurrentMessageProcessor.java:113)
	at java.base/java.util.concurrent.Executors$RunnableAdapter.call(Executors.java:515)
	at java.base/java.util.concurrent.FutureTask.run(FutureTask.java:264)
	at java.base/java.util.concurrent.ThreadPoolExecutor.runWorker(ThreadPoolExecutor.java:1128)
	at java.base/java.util.concurrent.ThreadPoolExecutor$Worker.run(ThreadPoolExecutor.java:628)
	at java.base/java.lang.Thread.run(Thread.java:829)
Caused by: java.lang.reflect.InvocationTargetException
	at jdk.internal.reflect.GeneratedMethodAccessor5.invoke(Unknown Source)
	at java.base/jdk.internal.reflect.DelegatingMethodAccessorImpl.invoke(DelegatingMethodAccessorImpl.java:43)
	at java.base/java.lang.reflect.Method.invoke(Method.java:566)
	at org.eclipse.lsp4j.jsonrpc.services.GenericEndpoint.lambda$null$0(GenericEndpoint.java:65)
	... 11 more
Caused by: java.lang.IllegalArgumentException: 4 is not a valid line number, allowed [0..0]
	at scala.meta.internal.inputs.InternalInput.lineToOffset(InternalInput.scala:37)
	at scala.meta.internal.inputs.InternalInput.lineToOffset$(InternalInput.scala:32)
	at scala.meta.inputs.Input$VirtualFile.lineToOffset(Input.scala:80)
	at scala.meta.inputs.Position$Range$.apply(Position.scala:59)
	at scala.meta.internal.mtags.MtagsEnrichments$XtensionPositionLspInverse.toMeta(MtagsEnrichments.scala:133)
	at scala.meta.internal.parsing.Trees.$anonfun$findLastEnclosingAt$4(Trees.scala:77)
	at scala.Option.flatMap(Option.scala:271)
	at scala.meta.internal.parsing.Trees.findLastEnclosingAt(Trees.scala:76)
	at scala.meta.internal.metals.codeactions.PatternMatchRefactor.contribute(PatternMatchRefactor.scala:96)
	at scala.meta.internal.metals.CodeActionProvider$$anonfun$1.applyOrElse(CodeActionProvider.scala:62)
	at scala.meta.internal.metals.CodeActionProvider$$anonfun$1.applyOrElse(CodeActionProvider.scala:61)
	at scala.collection.immutable.List.collect(List.scala:323)
	at scala.meta.internal.metals.CodeActionProvider.codeActions(CodeActionProvider.scala:61)
	at scala.meta.internal.metals.MetalsLanguageServer.$anonfun$codeAction$1(MetalsLanguageServer.scala:1555)
	at scala.meta.internal.metals.CancelTokens$.future(CancelTokens.scala:38)
	at scala.meta.internal.metals.MetalsLanguageServer.codeAction(MetalsLanguageServer.scala:1554)
	... 15 more

Dec 08, 2021 1:10:32 PM org.eclipse.lsp4j.jsonrpc.RemoteEndpoint fallbackResponseError
SEVERE: Internal error: java.lang.reflect.InvocationTargetException
java.lang.RuntimeException: java.lang.reflect.InvocationTargetException
	at org.eclipse.lsp4j.jsonrpc.services.GenericEndpoint.lambda$null$0(GenericEndpoint.java:67)
	at org.eclipse.lsp4j.jsonrpc.services.GenericEndpoint.request(GenericEndpoint.java:120)
	at org.eclipse.lsp4j.jsonrpc.RemoteEndpoint.handleRequest(RemoteEndpoint.java:261)
	at org.eclipse.lsp4j.jsonrpc.RemoteEndpoint.consume(RemoteEndpoint.java:190)
	at org.eclipse.lsp4j.jsonrpc.json.StreamMessageProducer.handleMessage(StreamMessageProducer.java:194)
	at org.eclipse.lsp4j.jsonrpc.json.StreamMessageProducer.listen(StreamMessageProducer.java:94)
	at org.eclipse.lsp4j.jsonrpc.json.ConcurrentMessageProcessor.run(ConcurrentMessageProcessor.java:113)
	at java.base/java.util.concurrent.Executors$RunnableAdapter.call(Executors.java:515)
	at java.base/java.util.concurrent.FutureTask.run(FutureTask.java:264)
	at java.base/java.util.concurrent.ThreadPoolExecutor.runWorker(ThreadPoolExecutor.java:1128)
	at java.base/java.util.concurrent.ThreadPoolExecutor$Worker.run(ThreadPoolExecutor.java:628)
	at java.base/java.lang.Thread.run(Thread.java:829)
Caused by: java.lang.reflect.InvocationTargetException
	at jdk.internal.reflect.GeneratedMethodAccessor5.invoke(Unknown Source)
	at java.base/jdk.internal.reflect.DelegatingMethodAccessorImpl.invoke(DelegatingMethodAccessorImpl.java:43)
	at java.base/java.lang.reflect.Method.invoke(Method.java:566)
	at org.eclipse.lsp4j.jsonrpc.services.GenericEndpoint.lambda$null$0(GenericEndpoint.java:65)
	... 11 more
Caused by: java.lang.IllegalArgumentException: 4 is not a valid line number, allowed [0..0]
	at scala.meta.internal.inputs.InternalInput.lineToOffset(InternalInput.scala:37)
	at scala.meta.internal.inputs.InternalInput.lineToOffset$(InternalInput.scala:32)
	at scala.meta.inputs.Input$VirtualFile.lineToOffset(Input.scala:80)
	at scala.meta.inputs.Position$Range$.apply(Position.scala:59)
	at scala.meta.internal.mtags.MtagsEnrichments$XtensionPositionLspInverse.toMeta(MtagsEnrichments.scala:133)
	at scala.meta.internal.parsing.Trees.$anonfun$findLastEnclosingAt$4(Trees.scala:77)
	at scala.Option.flatMap(Option.scala:271)
	at scala.meta.internal.parsing.Trees.findLastEnclosingAt(Trees.scala:76)
	at scala.meta.internal.metals.codeactions.PatternMatchRefactor.contribute(PatternMatchRefactor.scala:96)
	at scala.meta.internal.metals.CodeActionProvider$$anonfun$1.applyOrElse(CodeActionProvider.scala:62)
	at scala.meta.internal.metals.CodeActionProvider$$anonfun$1.applyOrElse(CodeActionProvider.scala:61)
	at scala.collection.immutable.List.collect(List.scala:323)
	at scala.meta.internal.metals.CodeActionProvider.codeActions(CodeActionProvider.scala:61)
	at scala.meta.internal.metals.MetalsLanguageServer.$anonfun$codeAction$1(MetalsLanguageServer.scala:1555)
	at scala.meta.internal.metals.CancelTokens$.future(CancelTokens.scala:38)
	at scala.meta.internal.metals.MetalsLanguageServer.codeAction(MetalsLanguageServer.scala:1554)
	... 15 more

[0m2021.12.08 13:10:34 WARN  no build target for: C:\Users\nkuma267\Desktop\ScalaUserRegistration\userRegistration.sc[0m
Dec 08, 2021 1:10:36 PM org.eclipse.lsp4j.jsonrpc.RemoteEndpoint fallbackResponseError
SEVERE: Internal error: java.lang.reflect.InvocationTargetException
java.lang.RuntimeException: java.lang.reflect.InvocationTargetException
	at org.eclipse.lsp4j.jsonrpc.services.GenericEndpoint.lambda$null$0(GenericEndpoint.java:67)
	at org.eclipse.lsp4j.jsonrpc.services.GenericEndpoint.request(GenericEndpoint.java:120)
	at org.eclipse.lsp4j.jsonrpc.RemoteEndpoint.handleRequest(RemoteEndpoint.java:261)
	at org.eclipse.lsp4j.jsonrpc.RemoteEndpoint.consume(RemoteEndpoint.java:190)
	at org.eclipse.lsp4j.jsonrpc.json.StreamMessageProducer.handleMessage(StreamMessageProducer.java:194)
	at org.eclipse.lsp4j.jsonrpc.json.StreamMessageProducer.listen(StreamMessageProducer.java:94)
	at org.eclipse.lsp4j.jsonrpc.json.ConcurrentMessageProcessor.run(ConcurrentMessageProcessor.java:113)
	at java.base/java.util.concurrent.Executors$RunnableAdapter.call(Executors.java:515)
	at java.base/java.util.concurrent.FutureTask.run(FutureTask.java:264)
	at java.base/java.util.concurrent.ThreadPoolExecutor.runWorker(ThreadPoolExecutor.java:1128)
	at java.base/java.util.concurrent.ThreadPoolExecutor$Worker.run(ThreadPoolExecutor.java:628)
	at java.base/java.lang.Thread.run(Thread.java:829)
Caused by: java.lang.reflect.InvocationTargetException
	at jdk.internal.reflect.GeneratedMethodAccessor5.invoke(Unknown Source)
	at java.base/jdk.internal.reflect.DelegatingMethodAccessorImpl.invoke(DelegatingMethodAccessorImpl.java:43)
	at java.base/java.lang.reflect.Method.invoke(Method.java:566)
	at org.eclipse.lsp4j.jsonrpc.services.GenericEndpoint.lambda$null$0(GenericEndpoint.java:65)
	... 11 more
Caused by: java.lang.IllegalArgumentException: 5 is not a valid line number, allowed [0..0]
	at scala.meta.internal.inputs.InternalInput.lineToOffset(InternalInput.scala:37)
	at scala.meta.internal.inputs.InternalInput.lineToOffset$(InternalInput.scala:32)
	at scala.meta.inputs.Input$VirtualFile.lineToOffset(Input.scala:80)
	at scala.meta.inputs.Position$Range$.apply(Position.scala:59)
	at scala.meta.internal.mtags.MtagsEnrichments$XtensionPositionLspInverse.toMeta(MtagsEnrichments.scala:133)
	at scala.meta.internal.parsing.Trees.$anonfun$findLastEnclosingAt$4(Trees.scala:77)
	at scala.Option.flatMap(Option.scala:271)
	at scala.meta.internal.parsing.Trees.findLastEnclosingAt(Trees.scala:76)
	at scala.meta.internal.metals.codeactions.PatternMatchRefactor.contribute(PatternMatchRefactor.scala:96)
	at scala.meta.internal.metals.CodeActionProvider$$anonfun$1.applyOrElse(CodeActionProvider.scala:62)
	at scala.meta.internal.metals.CodeActionProvider$$anonfun$1.applyOrElse(CodeActionProvider.scala:61)
	at scala.collection.immutable.List.collect(List.scala:323)
	at scala.meta.internal.metals.CodeActionProvider.codeActions(CodeActionProvider.scala:61)
	at scala.meta.internal.metals.MetalsLanguageServer.$anonfun$codeAction$1(MetalsLanguageServer.scala:1555)
	at scala.meta.internal.metals.CancelTokens$.future(CancelTokens.scala:38)
	at scala.meta.internal.metals.MetalsLanguageServer.codeAction(MetalsLanguageServer.scala:1554)
	... 15 more

[0m2021.12.08 13:10:38 WARN  no build target for: C:\Users\nkuma267\Desktop\ScalaUserRegistration\userRegistration.sc[0m
[0m2021.12.08 13:10:41 WARN  no build target for: C:\Users\nkuma267\Desktop\ScalaUserRegistration\userRegistration.sc[0m
[0m2021.12.08 13:19:17 WARN  no build target for: C:\Users\nkuma267\Desktop\ScalaUserRegistration\userRegistration.sc[0m
[0m2021.12.08 13:20:05 WARN  no build target for: C:\Users\nkuma267\Desktop\ScalaUserRegistration\userRegistration.sc[0m
[0m2021.12.08 13:20:08 WARN  no build target for: C:\Users\nkuma267\Desktop\ScalaUserRegistration\userRegistration.sc[0m
[0m2021.12.08 13:20:11 WARN  no build target for: C:\Users\nkuma267\Desktop\ScalaUserRegistration\userRegistration.sc[0m
[0m2021.12.08 13:20:16 WARN  no build target for: C:\Users\nkuma267\Desktop\ScalaUserRegistration\userRegistration.sc[0m
[0m2021.12.08 13:20:18 WARN  no build target for: C:\Users\nkuma267\Desktop\ScalaUserRegistration\userRegistration.sc[0m
[0m2021.12.08 13:21:11 WARN  no build target for: C:\Users\nkuma267\Desktop\ScalaUserRegistration\userRegistration.sc[0m
[0m2021.12.08 13:21:12 WARN  no build target for: C:\Users\nkuma267\Desktop\ScalaUserRegistration\userRegistration.sc[0m
[0m2021.12.08 13:21:19 WARN  no build target for: C:\Users\nkuma267\Desktop\ScalaUserRegistration\userRegistration.sc[0m
[0m2021.12.08 13:21:22 WARN  no build target for: C:\Users\nkuma267\Desktop\ScalaUserRegistration\userRegistration.sc[0m
[0m2021.12.08 13:22:46 WARN  no build target for: C:\Users\nkuma267\Desktop\ScalaUserRegistration\userRegistration.sc[0m
[0m2021.12.08 13:22:48 WARN  no build target for: C:\Users\nkuma267\Desktop\ScalaUserRegistration\userRegistration.sc[0m
[0m2021.12.08 13:22:50 WARN  no build target for: C:\Users\nkuma267\Desktop\ScalaUserRegistration\userRegistration.sc[0m
[0m2021.12.08 13:22:52 WARN  no build target for: C:\Users\nkuma267\Desktop\ScalaUserRegistration\userRegistration.sc[0m
[0m2021.12.08 13:22:58 WARN  no build target for: C:\Users\nkuma267\Desktop\ScalaUserRegistration\userRegistration.sc[0m
[0m2021.12.08 13:22:59 WARN  no build target for: C:\Users\nkuma267\Desktop\ScalaUserRegistration\userRegistration.sc[0m
[0m2021.12.08 13:23:59 WARN  no build target for: C:\Users\nkuma267\Desktop\ScalaUserRegistration\userRegistration.sc[0m
[0m2021.12.08 13:26:43 WARN  no build target for: C:\Users\nkuma267\Desktop\ScalaUserRegistration\userRegistration.sc[0m
[0m2021.12.08 13:31:27 WARN  no build target for: C:\Users\nkuma267\Desktop\ScalaUserRegistration\userRegistration.sc[0m
[0m2021.12.08 13:37:57 WARN  no build target for: C:\Users\nkuma267\Desktop\ScalaUserRegistration\userRegistration.sc[0m
[0m2021.12.08 13:38:39 WARN  no build target for: C:\Users\nkuma267\Desktop\ScalaUserRegistration\userRegistration.sc[0m
[0m2021.12.08 13:38:41 WARN  no build target for: C:\Users\nkuma267\Desktop\ScalaUserRegistration\userRegistration.sc[0m
[0m2021.12.08 13:39:52 WARN  no build target for: C:\Users\nkuma267\Desktop\ScalaUserRegistration\userRegistration.sc[0m
[0m2021.12.08 13:43:46 WARN  no build target for: C:\Users\nkuma267\Desktop\ScalaUserRegistration\userRegistration.sc[0m
[0m2021.12.08 13:43:50 WARN  no build target for: C:\Users\nkuma267\Desktop\ScalaUserRegistration\userRegistration.sc[0m
[0m2021.12.08 13:45:26 WARN  no build target for: C:\Users\nkuma267\Desktop\ScalaUserRegistration\userRegistration.sc[0m
[0m2021.12.08 13:47:07 WARN  no build target for: C:\Users\nkuma267\Desktop\ScalaUserRegistration\userRegistration.sc[0m
[0m2021.12.08 13:47:09 WARN  no build target for: C:\Users\nkuma267\Desktop\ScalaUserRegistration\userRegistration.sc[0m
[0m2021.12.08 13:47:13 WARN  no build target for: C:\Users\nkuma267\Desktop\ScalaUserRegistration\userRegistration.sc[0m
[0m2021.12.08 13:47:37 WARN  no build target for: C:\Users\nkuma267\Desktop\ScalaUserRegistration\userRegistration.sc[0m
[0m2021.12.08 13:47:40 WARN  no build target for: C:\Users\nkuma267\Desktop\ScalaUserRegistration\userRegistration.sc[0m
[0m2021.12.08 13:47:45 WARN  no build target for: C:\Users\nkuma267\Desktop\ScalaUserRegistration\userRegistration.sc[0m
[0m2021.12.08 13:47:48 WARN  no build target for: C:\Users\nkuma267\Desktop\ScalaUserRegistration\userRegistration.sc[0m
[0m2021.12.08 13:48:12 WARN  no build target for: C:\Users\nkuma267\Desktop\ScalaUserRegistration\userRegistration.sc[0m
[0m2021.12.08 13:48:14 WARN  no build target for: C:\Users\nkuma267\Desktop\ScalaUserRegistration\userRegistration.sc[0m
[0m2021.12.08 13:50:49 WARN  no build target for: C:\Users\nkuma267\Desktop\ScalaUserRegistration\userRegistration.sc[0m
[0m2021.12.08 13:50:53 WARN  no build target for: C:\Users\nkuma267\Desktop\ScalaUserRegistration\userRegistration.sc[0m
[0m2021.12.08 13:50:55 WARN  no build target for: C:\Users\nkuma267\Desktop\ScalaUserRegistration\userRegistration.sc[0m
[0m2021.12.08 13:50:58 WARN  no build target for: C:\Users\nkuma267\Desktop\ScalaUserRegistration\userRegistration.sc[0m
[0m2021.12.08 13:51:32 WARN  no build target for: C:\Users\nkuma267\Desktop\ScalaUserRegistration\userRegistration.sc[0m
[0m2021.12.08 13:51:41 WARN  no build target for: C:\Users\nkuma267\Desktop\ScalaUserRegistration\userRegistration.sc[0m
[0m2021.12.08 13:51:42 WARN  no build target for: C:\Users\nkuma267\Desktop\ScalaUserRegistration\userRegistration.sc[0m
[0m2021.12.08 13:51:44 WARN  no build target for: C:\Users\nkuma267\Desktop\ScalaUserRegistration\userRegistration.sc[0m
[0m2021.12.08 13:51:59 WARN  no build target for: C:\Users\nkuma267\Desktop\ScalaUserRegistration\userRegistration.sc[0m
[0m2021.12.08 13:52:05 WARN  no build target for: C:\Users\nkuma267\Desktop\ScalaUserRegistration\userRegistration.sc[0m
[0m2021.12.08 13:52:10 WARN  no build target for: C:\Users\nkuma267\Desktop\ScalaUserRegistration\userRegistration.sc[0m
[0m2021.12.08 13:52:12 WARN  no build target for: C:\Users\nkuma267\Desktop\ScalaUserRegistration\userRegistration.sc[0m
[0m2021.12.08 13:52:16 WARN  no build target for: C:\Users\nkuma267\Desktop\ScalaUserRegistration\userRegistration.sc[0m
[0m2021.12.08 13:52:19 WARN  no build target for: C:\Users\nkuma267\Desktop\ScalaUserRegistration\userRegistration.sc[0m
[0m2021.12.08 13:52:23 WARN  no build target for: C:\Users\nkuma267\Desktop\ScalaUserRegistration\userRegistration.sc[0m
[0m2021.12.08 13:52:26 WARN  no build target for: C:\Users\nkuma267\Desktop\ScalaUserRegistration\userRegistration.sc[0m
[0m2021.12.08 13:52:34 WARN  no build target for: C:\Users\nkuma267\Desktop\ScalaUserRegistration\userRegistration.sc[0m
[0m2021.12.08 13:52:36 WARN  no build target for: C:\Users\nkuma267\Desktop\ScalaUserRegistration\userRegistration.sc[0m
[0m2021.12.08 13:52:38 WARN  no build target for: C:\Users\nkuma267\Desktop\ScalaUserRegistration\userRegistration.sc[0m
[0m2021.12.08 13:55:35 WARN  no build target for: C:\Users\nkuma267\Desktop\ScalaUserRegistration\userRegistration.sc[0m
[0m2021.12.08 13:55:37 WARN  no build target for: C:\Users\nkuma267\Desktop\ScalaUserRegistration\userRegistration.sc[0m
[0m2021.12.08 13:55:46 WARN  no build target for: C:\Users\nkuma267\Desktop\ScalaUserRegistration\userRegistration.sc[0m
[0m2021.12.08 13:55:48 WARN  no build target for: C:\Users\nkuma267\Desktop\ScalaUserRegistration\userRegistration.sc[0m
[0m2021.12.08 13:55:57 WARN  no build target for: C:\Users\nkuma267\Desktop\ScalaUserRegistration\userRegistration.sc[0m
[0m2021.12.08 13:55:59 WARN  no build target for: C:\Users\nkuma267\Desktop\ScalaUserRegistration\userRegistration.sc[0m
[0m2021.12.08 13:57:08 WARN  no build target for: C:\Users\nkuma267\Desktop\ScalaUserRegistration\userRegistration.sc[0m
[0m2021.12.08 13:57:11 WARN  no build target for: C:\Users\nkuma267\Desktop\ScalaUserRegistration\userRegistration.sc[0m
[0m2021.12.08 13:57:14 WARN  no build target for: C:\Users\nkuma267\Desktop\ScalaUserRegistration\userRegistration.sc[0m
[0m2021.12.08 13:57:22 WARN  no build target for: C:\Users\nkuma267\Desktop\ScalaUserRegistration\userRegistration.sc[0m
[0m2021.12.08 13:57:25 WARN  no build target for: C:\Users\nkuma267\Desktop\ScalaUserRegistration\userRegistration.sc[0m
[0m2021.12.08 13:57:29 WARN  no build target for: C:\Users\nkuma267\Desktop\ScalaUserRegistration\userRegistration.sc[0m
[0m2021.12.08 13:58:00 WARN  no build target for: C:\Users\nkuma267\Desktop\ScalaUserRegistration\userRegistration.sc[0m
[0m2021.12.08 13:58:01 WARN  no build target for: C:\Users\nkuma267\Desktop\ScalaUserRegistration\userRegistration.sc[0m
[0m2021.12.08 13:58:03 WARN  no build target for: C:\Users\nkuma267\Desktop\ScalaUserRegistration\userRegistration.sc[0m
[0m2021.12.08 13:58:08 WARN  no build target for: C:\Users\nkuma267\Desktop\ScalaUserRegistration\userRegistration.sc[0m
[0m2021.12.08 13:58:11 WARN  no build target for: C:\Users\nkuma267\Desktop\ScalaUserRegistration\userRegistration.sc[0m
[0m2021.12.08 13:58:15 WARN  no build target for: C:\Users\nkuma267\Desktop\ScalaUserRegistration\userRegistration.sc[0m
[0m2021.12.08 13:58:17 WARN  no build target for: C:\Users\nkuma267\Desktop\ScalaUserRegistration\userRegistration.sc[0m
[0m2021.12.08 13:58:25 WARN  no build target for: C:\Users\nkuma267\Desktop\ScalaUserRegistration\userRegistration.sc[0m
[0m2021.12.08 13:58:28 WARN  no build target for: C:\Users\nkuma267\Desktop\ScalaUserRegistration\userRegistration.sc[0m
[0m2021.12.08 13:58:32 WARN  no build target for: C:\Users\nkuma267\Desktop\ScalaUserRegistration\userRegistration.sc[0m
[0m2021.12.08 14:00:26 WARN  no build target for: C:\Users\nkuma267\Desktop\ScalaUserRegistration\userRegistration.sc[0m
[0m2021.12.08 14:00:28 WARN  no build target for: C:\Users\nkuma267\Desktop\ScalaUserRegistration\userRegistration.sc[0m
[0m2021.12.08 14:00:30 WARN  no build target for: C:\Users\nkuma267\Desktop\ScalaUserRegistration\userRegistration.sc[0m
[0m2021.12.08 14:00:31 WARN  no build target for: C:\Users\nkuma267\Desktop\ScalaUserRegistration\userRegistration.sc[0m
[0m2021.12.08 14:00:33 WARN  no build target for: C:\Users\nkuma267\Desktop\ScalaUserRegistration\userRegistration.sc[0m
[0m2021.12.08 14:00:36 WARN  no build target for: C:\Users\nkuma267\Desktop\ScalaUserRegistration\userRegistration.sc[0m
[0m2021.12.08 14:00:37 WARN  no build target for: C:\Users\nkuma267\Desktop\ScalaUserRegistration\userRegistration.sc[0m
[0m2021.12.08 14:00:39 WARN  no build target for: C:\Users\nkuma267\Desktop\ScalaUserRegistration\userRegistration.sc[0m
[0m2021.12.08 14:01:15 WARN  no build target for: C:\Users\nkuma267\Desktop\ScalaUserRegistration\userRegistration.sc[0m
[0m2021.12.08 14:09:10 WARN  no build target for: C:\Users\nkuma267\Desktop\ScalaUserRegistration\userRegistration.sc[0m
[0m2021.12.08 14:09:20 WARN  no build target for: C:\Users\nkuma267\Desktop\ScalaUserRegistration\userRegistration.sc[0m
[0m2021.12.08 14:09:24 WARN  no build target for: C:\Users\nkuma267\Desktop\ScalaUserRegistration\userRegistration.sc[0m
[0m2021.12.08 14:09:33 WARN  no build target for: C:\Users\nkuma267\Desktop\ScalaUserRegistration\userRegistration.sc[0m
Dec 08, 2021 2:11:07 PM org.eclipse.lsp4j.jsonrpc.RemoteEndpoint fallbackResponseError
SEVERE: Internal error: java.lang.reflect.InvocationTargetException
java.lang.RuntimeException: java.lang.reflect.InvocationTargetException
	at org.eclipse.lsp4j.jsonrpc.services.GenericEndpoint.lambda$null$0(GenericEndpoint.java:67)
	at org.eclipse.lsp4j.jsonrpc.services.GenericEndpoint.request(GenericEndpoint.java:120)
	at org.eclipse.lsp4j.jsonrpc.RemoteEndpoint.handleRequest(RemoteEndpoint.java:261)
	at org.eclipse.lsp4j.jsonrpc.RemoteEndpoint.consume(RemoteEndpoint.java:190)
	at org.eclipse.lsp4j.jsonrpc.json.StreamMessageProducer.handleMessage(StreamMessageProducer.java:194)
	at org.eclipse.lsp4j.jsonrpc.json.StreamMessageProducer.listen(StreamMessageProducer.java:94)
	at org.eclipse.lsp4j.jsonrpc.json.ConcurrentMessageProcessor.run(ConcurrentMessageProcessor.java:113)
	at java.base/java.util.concurrent.Executors$RunnableAdapter.call(Executors.java:515)
	at java.base/java.util.concurrent.FutureTask.run(FutureTask.java:264)
	at java.base/java.util.concurrent.ThreadPoolExecutor.runWorker(ThreadPoolExecutor.java:1128)
	at java.base/java.util.concurrent.ThreadPoolExecutor$Worker.run(ThreadPoolExecutor.java:628)
	at java.base/java.lang.Thread.run(Thread.java:829)
Caused by: java.lang.reflect.InvocationTargetException
	at jdk.internal.reflect.GeneratedMethodAccessor5.invoke(Unknown Source)
	at java.base/jdk.internal.reflect.DelegatingMethodAccessorImpl.invoke(DelegatingMethodAccessorImpl.java:43)
	at java.base/java.lang.reflect.Method.invoke(Method.java:566)
	at org.eclipse.lsp4j.jsonrpc.services.GenericEndpoint.lambda$null$0(GenericEndpoint.java:65)
	... 11 more
Caused by: java.lang.IllegalArgumentException: 15 is not a valid line number, allowed [0..7]
	at scala.meta.internal.inputs.InternalInput.lineToOffset(InternalInput.scala:37)
	at scala.meta.internal.inputs.InternalInput.lineToOffset$(InternalInput.scala:32)
	at scala.meta.inputs.Input$VirtualFile.lineToOffset(Input.scala:80)
	at scala.meta.inputs.Position$Range$.apply(Position.scala:59)
	at scala.meta.internal.mtags.MtagsEnrichments$XtensionPositionLspInverse.toMeta(MtagsEnrichments.scala:133)
	at scala.meta.internal.parsing.Trees.$anonfun$findLastEnclosingAt$4(Trees.scala:77)
	at scala.Option.flatMap(Option.scala:271)
	at scala.meta.internal.parsing.Trees.findLastEnclosingAt(Trees.scala:76)
	at scala.meta.internal.metals.codeactions.PatternMatchRefactor.contribute(PatternMatchRefactor.scala:96)
	at scala.meta.internal.metals.CodeActionProvider$$anonfun$1.applyOrElse(CodeActionProvider.scala:62)
	at scala.meta.internal.metals.CodeActionProvider$$anonfun$1.applyOrElse(CodeActionProvider.scala:61)
	at scala.collection.immutable.List.collect(List.scala:323)
	at scala.meta.internal.metals.CodeActionProvider.codeActions(CodeActionProvider.scala:61)
	at scala.meta.internal.metals.MetalsLanguageServer.$anonfun$codeAction$1(MetalsLanguageServer.scala:1555)
	at scala.meta.internal.metals.CancelTokens$.future(CancelTokens.scala:38)
	at scala.meta.internal.metals.MetalsLanguageServer.codeAction(MetalsLanguageServer.scala:1554)
	... 15 more

[0m2021.12.08 14:11:08 WARN  no build target for: C:\Users\nkuma267\Desktop\ScalaUserRegistration\userRegistration.sc[0m
Dec 08, 2021 2:11:08 PM org.eclipse.lsp4j.jsonrpc.RemoteEndpoint fallbackResponseError
SEVERE: Internal error: java.lang.reflect.InvocationTargetException
java.lang.RuntimeException: java.lang.reflect.InvocationTargetException
	at org.eclipse.lsp4j.jsonrpc.services.GenericEndpoint.lambda$null$0(GenericEndpoint.java:67)
	at org.eclipse.lsp4j.jsonrpc.services.GenericEndpoint.request(GenericEndpoint.java:120)
	at org.eclipse.lsp4j.jsonrpc.RemoteEndpoint.handleRequest(RemoteEndpoint.java:261)
	at org.eclipse.lsp4j.jsonrpc.RemoteEndpoint.consume(RemoteEndpoint.java:190)
	at org.eclipse.lsp4j.jsonrpc.json.StreamMessageProducer.handleMessage(StreamMessageProducer.java:194)
	at org.eclipse.lsp4j.jsonrpc.json.StreamMessageProducer.listen(StreamMessageProducer.java:94)
	at org.eclipse.lsp4j.jsonrpc.json.ConcurrentMessageProcessor.run(ConcurrentMessageProcessor.java:113)
	at java.base/java.util.concurrent.Executors$RunnableAdapter.call(Executors.java:515)
	at java.base/java.util.concurrent.FutureTask.run(FutureTask.java:264)
	at java.base/java.util.concurrent.ThreadPoolExecutor.runWorker(ThreadPoolExecutor.java:1128)
	at java.base/java.util.concurrent.ThreadPoolExecutor$Worker.run(ThreadPoolExecutor.java:628)
	at java.base/java.lang.Thread.run(Thread.java:829)
Caused by: java.lang.reflect.InvocationTargetException
	at jdk.internal.reflect.GeneratedMethodAccessor5.invoke(Unknown Source)
	at java.base/jdk.internal.reflect.DelegatingMethodAccessorImpl.invoke(DelegatingMethodAccessorImpl.java:43)
	at java.base/java.lang.reflect.Method.invoke(Method.java:566)
	at org.eclipse.lsp4j.jsonrpc.services.GenericEndpoint.lambda$null$0(GenericEndpoint.java:65)
	... 11 more
Caused by: java.lang.IllegalArgumentException: 15 is not a valid line number, allowed [0..7]
	at scala.meta.internal.inputs.InternalInput.lineToOffset(InternalInput.scala:37)
	at scala.meta.internal.inputs.InternalInput.lineToOffset$(InternalInput.scala:32)
	at scala.meta.inputs.Input$VirtualFile.lineToOffset(Input.scala:80)
	at scala.meta.inputs.Position$Range$.apply(Position.scala:59)
	at scala.meta.internal.mtags.MtagsEnrichments$XtensionPositionLspInverse.toMeta(MtagsEnrichments.scala:133)
	at scala.meta.internal.parsing.Trees.$anonfun$findLastEnclosingAt$4(Trees.scala:77)
	at scala.Option.flatMap(Option.scala:271)
	at scala.meta.internal.parsing.Trees.findLastEnclosingAt(Trees.scala:76)
	at scala.meta.internal.metals.codeactions.PatternMatchRefactor.contribute(PatternMatchRefactor.scala:96)
	at scala.meta.internal.metals.CodeActionProvider$$anonfun$1.applyOrElse(CodeActionProvider.scala:62)
	at scala.meta.internal.metals.CodeActionProvider$$anonfun$1.applyOrElse(CodeActionProvider.scala:61)
	at scala.collection.immutable.List.collect(List.scala:323)
	at scala.meta.internal.metals.CodeActionProvider.codeActions(CodeActionProvider.scala:61)
	at scala.meta.internal.metals.MetalsLanguageServer.$anonfun$codeAction$1(MetalsLanguageServer.scala:1555)
	at scala.meta.internal.metals.CancelTokens$.future(CancelTokens.scala:38)
	at scala.meta.internal.metals.MetalsLanguageServer.codeAction(MetalsLanguageServer.scala:1554)
	... 15 more

[0m2021.12.08 14:11:15 WARN  no build target for: C:\Users\nkuma267\Desktop\ScalaUserRegistration\userRegistration.sc[0m
[0m2021.12.08 14:11:20 WARN  no build target for: C:\Users\nkuma267\Desktop\ScalaUserRegistration\userRegistration.sc[0m
[0m2021.12.08 14:11:27 WARN  no build target for: C:\Users\nkuma267\Desktop\ScalaUserRegistration\userRegistration.sc[0m
[0m2021.12.08 14:11:34 WARN  no build target for: C:\Users\nkuma267\Desktop\ScalaUserRegistration\userRegistration.sc[0m
